<?xml version="1.0" encoding="utf-8"?><testsuites name="pytest tests"><testsuite name="pytest" errors="0" failures="0" skipped="0" tests="14" time="3.201" timestamp="2026-06-25T09:10:11.046372+00:00" hostname="agent-env-6c054359-90e8-4829-ac9f-236f29c0ee35"><testcase classname="backend.tests.backend_test.TestPublic" name="test_products_list" time="0.347" /><testcase classname="backend.tests.backend_test.TestPublic" name="test_newsletter_subscribe" time="0.115" /><testcase classname="backend.tests.backend_test.TestAuth" name="test_admin_login" time="0.371" /><testcase classname="backend.tests.backend_test.TestAuth" name="test_user_login" time="0.124" /><testcase classname="backend.tests.backend_test.TestProductsAdmin" name="test_create_product_with_unit_and_specs" time="0.175" /><testcase classname="backend.tests.backend_test.TestProductsAdmin" name="test_get_created_product_persisted" time="0.078" /><testcase classname="backend.tests.backend_test.TestProductsAdmin" name="test_update_product_unit" time="0.146" /><testcase classname="backend.tests.backend_test.TestProductsAdmin" name="test_delete_product" time="0.174" /><testcase classname="backend.tests.backend_test.TestAdminPayments" name="test_admin_payments_listing" time="0.082" /><testcase classname="backend.tests.backend_test.TestAdminPayments" name="test_admin_payments_requires_admin" time="0.192" /><testcase classname="backend.tests.backend_test.TestReturnFlow" name="test_place_cod_order_and_request_return" time="0.326" /><testcase classname="backend.tests.backend_test.TestReturnFlow" name="test_admin_returns_list_and_extended_statuses" time="0.415" /><testcase classname="backend.tests.backend_test.TestUpiVerification" name="test_upi_order_and_admin_verify" time="0.299" /><testcase classname="backend.tests.backend_test.TestUpiVerification" name="test_upi_order_reject" time="0.271" /></testsuite></testsuites>