<?xml version="1.0" encoding="utf-8"?><testsuites name="pytest tests"><testsuite name="pytest" errors="2" failures="1" skipped="0" tests="19" time="5.486" timestamp="2026-06-25T12:12:19.883118+00:00" hostname="agent-env-6c054359-90e8-4829-ac9f-236f29c0ee35"><testcase classname="backend.tests.test_quotations.TestValidation" name="test_missing_name_email" time="0.866" /><testcase classname="backend.tests.test_quotations.TestValidation" name="test_missing_items" time="0.080" /><testcase classname="backend.tests.test_quotations.TestValidation" name="test_items_with_zero_qty" time="0.052" /><testcase classname="backend.tests.test_quotations.TestAuthorization" name="test_anonymous_cannot_list" time="0.135"><failure message="AssertionError: {&quot;items&quot;:[{&quot;id&quot;:&quot;badb039a-6801-4ad6-a420-70d0cdce5a5c&quot;,&quot;number&quot;:&quot;QT-2026-0001&quot;,&quot;customerId&quot;:null,&quot;customerName&quot;:&quot;Test Co&quot;,&quot;customerEmail&quot;:&quot;test@example.com&quot;,&quot;customerPhone&quot;:&quot;&quot;,&quot;shippingAddress&quot;:null,&quot;items&quot;:[{&quot;productId&quot;:null,&quot;name&quot;:&quot;Cold-pressed oil&quot;,&quot;description&quot;:&quot;&quot;,&quot;qty&quot;:5,&quot;unit&quot;:&quot;Litre&quot;,&quot;price&quot;:250,&quot;total&quot;:1250}],&quot;subtotal&quot;:1250,&quot;taxRate&quot;:5,&quot;tax&quot;:62.5,&quot;shipping&quot;:50,&quot;discount&quot;:0,&quot;total&quot;:1362.5,&quot;notes&quot;:&quot;Bulk order&quot;,&quot;validUntil&quot;:null,&quot;status&quot;:&quot;converted&quot;,&quot;convertedToOrderId&quot;:&quot;DAMQTGJPO6871B&quot;,&quot;createdBy&quot;:{&quot;id&quot;:&quot;600eac72-1f19-49ae-8299-d283c5631329&quot;,&quot;name&quot;:&quot;Aadhvika Admin&quot;},&quot;createdAt&quot;:&quot;2026-06-25T12:07:40.055Z&quot;,&quot;updatedAt&quot;:&quot;2026-06-25T12:07:43.542Z&quot;,&quot;history&quot;:[{&quot;status&quot;:&quot;draft&quot;,&quot;at&quot;:&quot;2026-06-25T12:07:40.055Z&quot;,&quot;by&quot;:&quot;Aadhvika Admin&quot;,&quot;note&quot;:&quot;Quote created&quot;},{&quot;status&quot;:&quot;sent&quot;,&quot;at&quot;:&quot;2026-06-25T12:07:43.505Z&quot;,&quot;by&quot;:&quot;Aadhvika Admin&quot;,&quot;note&quot;:&quot;Emailed to customer&quot;},{&quot;status&quot;:&quot;accepted&quot;,&quot;at&quot;:&quot;2026-06-25T12:07:43.525Z&quot;,&quot;by&quot;:&quot;Aadhvika Admin&quot;,&quot;note&quot;:&quot;&quot;},{&quot;status&quot;:&quot;converted&quot;,&quot;at&quot;:&quot;2026-06-25T12:07:43.542Z&quot;,&quot;by&quot;:&quot;Aadhvika Admin&quot;,&quot;note&quot;:&quot;Converted to order DAMQTGJPO6871B&quot;}],&quot;sentAt&quot;:&quot;2026-06-25T12:07:43.505Z&quot;}]}&#10;assert 200 in (401, 403)&#10; +  where 200 = &lt;Response [200]&gt;.status_code">backend/tests/test_quotations.py:83: in test_anonymous_cannot_list
    assert r.status_code in (401, 403), r.text
E   AssertionError: {"items":[{"id":"badb039a-6801-4ad6-a420-70d0cdce5a5c","number":"QT-2026-0001","customerId":null,"customerName":"Test Co","customerEmail":"test@example.com","customerPhone":"","shippingAddress":null,"items":[{"productId":null,"name":"Cold-pressed oil","description":"","qty":5,"unit":"Litre","price":250,"total":1250}],"subtotal":1250,"taxRate":5,"tax":62.5,"shipping":50,"discount":0,"total":1362.5,"notes":"Bulk order","validUntil":null,"status":"converted","convertedToOrderId":"DAMQTGJPO6871B","createdBy":{"id":"600eac72-1f19-49ae-8299-d283c5631329","name":"Aadhvika Admin"},"createdAt":"2026-06-25T12:07:40.055Z","updatedAt":"2026-06-25T12:07:43.542Z","history":[{"status":"draft","at":"2026-06-25T12:07:40.055Z","by":"Aadhvika Admin","note":"Quote created"},{"status":"sent","at":"2026-06-25T12:07:43.505Z","by":"Aadhvika Admin","note":"Emailed to customer"},{"status":"accepted","at":"2026-06-25T12:07:43.525Z","by":"Aadhvika Admin","note":""},{"status":"converted","at":"2026-06-25T12:07:43.542Z","by":"Aadhvika Admin","note":"Converted to order DAMQTGJPO6871B"}],"sentAt":"2026-06-25T12:07:43.505Z"}]}
E   assert 200 in (401, 403)
E    +  where 200 = &lt;Response [200]&gt;.status_code</failure></testcase><testcase classname="backend.tests.test_quotations.TestAuthorization" name="test_user_cannot_list" time="0.100"><error message="failed on setup with &quot;AssertionError: login failed user@dhara.com: 401 {&quot;error&quot;:&quot;invalid credentials&quot;}&#10;assert 401 == 200&#10; +  where 401 = &lt;Response [401]&gt;.status_code&quot;">backend/tests/test_quotations.py:47: in user
    _login(s, USER_EMAIL, USER_PASS)
backend/tests/test_quotations.py:31: in _login
    assert r.status_code == 200, f"login failed {email}: {r.status_code} {r.text}"
E   AssertionError: login failed user@dhara.com: 401 {"error":"invalid credentials"}
E   assert 401 == 200
E    +  where 401 = &lt;Response [401]&gt;.status_code</error></testcase><testcase classname="backend.tests.test_quotations.TestAuthorization" name="test_user_cannot_create" time="0.000"><error message="failed on setup with &quot;AssertionError: login failed user@dhara.com: 401 {&quot;error&quot;:&quot;invalid credentials&quot;}&#10;assert 401 == 200&#10; +  where 401 = &lt;Response [401]&gt;.status_code&quot;">backend/tests/test_quotations.py:47: in user
    _login(s, USER_EMAIL, USER_PASS)
backend/tests/test_quotations.py:31: in _login
    assert r.status_code == 200, f"login failed {email}: {r.status_code} {r.text}"
E   AssertionError: login failed user@dhara.com: 401 {"error":"invalid credentials"}
E   assert 401 == 200
E    +  where 401 = &lt;Response [401]&gt;.status_code</error></testcase><testcase classname="backend.tests.test_quotations.TestQuoteLifecycle" name="test_create_draft_quote" time="0.051" /><testcase classname="backend.tests.test_quotations.TestQuoteLifecycle" name="test_get_persisted" time="0.046" /><testcase classname="backend.tests.test_quotations.TestQuoteLifecycle" name="test_list_filter_by_status" time="0.036" /><testcase classname="backend.tests.test_quotations.TestQuoteLifecycle" name="test_search_filter" time="0.083" /><testcase classname="backend.tests.test_quotations.TestQuoteLifecycle" name="test_edit_draft_quote" time="0.043" /><testcase classname="backend.tests.test_quotations.TestQuoteLifecycle" name="test_send_draft" time="3.091" /><testcase classname="backend.tests.test_quotations.TestQuoteLifecycle" name="test_accept_sent" time="0.121" /><testcase classname="backend.tests.test_quotations.TestQuoteLifecycle" name="test_cannot_edit_accepted" time="0.083" /><testcase classname="backend.tests.test_quotations.TestQuoteLifecycle" name="test_cannot_delete_accepted" time="0.043" /><testcase classname="backend.tests.test_quotations.TestQuoteLifecycle" name="test_convert_accepted_to_order" time="0.222" /><testcase classname="backend.tests.test_quotations.TestQuoteLifecycle" name="test_cannot_convert_twice" time="0.044" /><testcase classname="backend.tests.test_quotations.TestRejectionBranch" name="test_reject_and_delete" time="0.185" /><testcase classname="backend.tests.test_quotations.TestDeleteDraft" name="test_delete_draft_quote" time="0.086" /></testsuite></testsuites>